01:42:27.003 INFO  manager.ApplicationManager -- Open link --->https://ilcarro.web.app/search
01:42:37.104 INFO  tests.TestBase -- Empty Email login started ===> User{email='', password='Atteloiv369!'}
01:42:37.971 INFO  tests.TestBase -- Finish testing !!!!!!
01:42:48.013 INFO  tests.TestBase -- Empty Password login started ===> User{email='solodka1998@mail.ru', password=''}
01:42:48.847 INFO  tests.TestBase -- Finish testing !!!!!!
01:42:58.881 INFO  tests.TestBase -- Space Email login started ===> User{email='   ', password='Atteloiv369!'}
01:42:59.690 INFO  tests.TestBase -- Finish testing !!!!!!
01:43:09.743 INFO  tests.TestBase -- Space Password login started ===> User{email='solodka1998@mail.ru', password='   '}
01:43:12.202 INFO  tests.TestBase -- Finish testing !!!!!!
01:43:22.270 INFO  tests.TestBase -- Success login started ===> solodka1998@mail.ruAtteloiv123!
01:43:23.875 INFO  tests.TestBase -- Finish testing !!!!!!
01:43:24.080 INFO  tests.TestBase -- Success login started ===> solodka19@mail.ruAtteloiv123!
01:43:25.776 INFO  tests.TestBase -- Finish testing !!!!!!
01:43:25.925 INFO  tests.TestBase -- Success login started ===> viola3@gmail.comAtteloiv123!
01:43:27.421 INFO  tests.TestBase -- Finish testing !!!!!!
01:43:27.600 INFO  tests.TestBase -- Success login started ===> via@mail.ruAtteloiv123!
01:43:29.083 INFO  tests.TestBase -- Finish testing !!!!!!
01:43:29.255 INFO  tests.TestBase -- Wrong Email login started ===> samba12@mail.ruAtteloiv369!
01:43:40.727 INFO  tests.TestBase -- Finish testing !!!!!!
01:43:50.767 INFO  tests.TestBase -- Wrong Email login started ===> solodka1998mail.ruAtteloiv369!
01:43:51.785 INFO  tests.TestBase -- Finish testing !!!!!!
01:44:01.826 INFO  tests.TestBase -- Wrong Email login started ===> solodka98@mail.ruAtteloiv369!
01:44:13.410 INFO  tests.TestBase -- Finish testing !!!!!!
01:44:23.445 INFO  tests.TestBase -- Wrong Email login started ===> solodka@mail.ruAtteloiv369!
01:44:35.036 INFO  tests.TestBase -- Finish testing !!!!!!
01:44:45.066 INFO  tests.TestBase -- Wrong Email login started ===> solodka1998@mail.comAtteloiv369!
01:44:56.592 INFO  tests.TestBase -- Finish testing !!!!!!
01:45:06.626 INFO  tests.TestBase -- Wrong Email login started ===> solodka1998@mail.ruAtteloiv369!
01:45:18.170 INFO  tests.TestBase -- Finish testing !!!!!!
01:45:28.229 INFO  tests.TestBase -- Wrong Password login started ===> solodka1998@mail.ruAtteloiv369
01:45:29.761 INFO  tests.TestBase -- Finish testing !!!!!!
01:45:39.799 INFO  tests.TestBase -- Wrong Password login started ===> solodka1998@mail.ruatteloiv369!
01:45:41.377 INFO  tests.TestBase -- Finish testing !!!!!!
01:45:51.418 INFO  tests.TestBase -- Wrong Password login started ===> solodka1998@mail.ruAtteloi369!
01:45:52.985 INFO  tests.TestBase -- Finish testing !!!!!!
01:46:03.008 INFO  tests.TestBase -- Wrong Password login started ===> solodka1998@mail.ruAtteloiv69!
01:46:04.556 INFO  tests.TestBase -- Finish testing !!!!!!
01:46:14.604 INFO  tests.TestBase -- Wrong Password login started ===> solodka1998@mail.ruAtteloiv!
01:46:16.144 INFO  tests.TestBase -- Finish testing !!!!!!
01:46:26.204 INFO  tests.TestBase -- Wrong Password login started ===> solodka1998@mail.ru357688369!
01:46:27.545 INFO  tests.TestBase -- Finish testing !!!!!!
01:46:37.550 INFO  tests.TestBase -- Wrong Password login started ===> solodka1998@mail.ruAtt369!
01:46:38.736 INFO  tests.TestBase -- Finish testing !!!!!!
01:46:48.793 INFO  tests.TestBase -- Wrong Password login started ===> solodka1998@mail.ru!!!!!
01:46:49.973 INFO  tests.TestBase -- Finish testing !!!!!!
01:47:00.024 INFO  tests.TestBase -- Wrong Password login started ===> solodka1998@mail.ruAtteloivvvvv
01:47:01.181 INFO  tests.TestBase -- Finish testing !!!!!!
01:47:11.219 INFO  tests.TestBase -- Wrong Password login started ===> solodka1998@mail.ruatteloivvvvv
01:47:12.520 INFO  tests.TestBase -- Finish testing !!!!!!
